C:\USERS\MICHA\DOCUMENTS\SEARCH-ENGINE\DEBUG\LIBRARY.EXE
C:\USERS\MICHA\DOCUMENTS\SEARCH-ENGINE\DEBUG\LIBRARY.ILK
C:\USERS\MICHA\DOCUMENTS\SEARCH-ENGINE\DEBUG\LIBRARY.PDB
C:\Users\Micha\Documents\Search-Engine\Library\Debug\cl.command.1.tlog
C:\Users\Micha\Documents\Search-Engine\Library\Debug\CL.read.1.tlog
C:\Users\Micha\Documents\Search-Engine\Library\Debug\CL.write.1.tlog
C:\USERS\MICHA\DOCUMENTS\SEARCH-ENGINE\LIBRARY\DEBUG\LIBRARY.EXE.EMBED.MANIFEST
C:\USERS\MICHA\DOCUMENTS\SEARCH-ENGINE\LIBRARY\DEBUG\LIBRARY.EXE.EMBED.MANIFEST.RES
C:\USERS\MICHA\DOCUMENTS\SEARCH-ENGINE\LIBRARY\DEBUG\LIBRARY.EXE.INTERMEDIATE.MANIFEST
C:\Users\Micha\Documents\Search-Engine\Library\Debug\Library.write.1.tlog
C:\Users\Micha\Documents\Search-Engine\Library\Debug\Library_32.vcxprojResolveAssemblyReference.cache
C:\Users\Micha\Documents\Search-Engine\Library\Debug\Library_manifest.rc
C:\Users\Micha\Documents\Search-Engine\Library\Debug\link.1880.read.1.tlog
C:\Users\Micha\Documents\Search-Engine\Library\Debug\link.1880.write.1.tlog
C:\Users\Micha\Documents\Search-Engine\Library\Debug\link.1880-cvtres.read.1.tlog
C:\Users\Micha\Documents\Search-Engine\Library\Debug\link.1880-cvtres.write.1.tlog
C:\Users\Micha\Documents\Search-Engine\Library\Debug\link.2212.read.1.tlog
C:\Users\Micha\Documents\Search-Engine\Library\Debug\link.2212.write.1.tlog
C:\Users\Micha\Documents\Search-Engine\Library\Debug\link.2212-cvtres.read.1.tlog
C:\Users\Micha\Documents\Search-Engine\Library\Debug\link.2212-cvtres.write.1.tlog
C:\Users\Micha\Documents\Search-Engine\Library\Debug\link.2492.read.1.tlog
C:\Users\Micha\Documents\Search-Engine\Library\Debug\link.2492.write.1.tlog
C:\Users\Micha\Documents\Search-Engine\Library\Debug\link.2492-cvtres.read.1.tlog
C:\Users\Micha\Documents\Search-Engine\Library\Debug\link.2492-cvtres.write.1.tlog
C:\Users\Micha\Documents\Search-Engine\Library\Debug\link.2496.read.1.tlog
C:\Users\Micha\Documents\Search-Engine\Library\Debug\link.2496.write.1.tlog
C:\Users\Micha\Documents\Search-Engine\Library\Debug\link.2496-cvtres.read.1.tlog
C:\Users\Micha\Documents\Search-Engine\Library\Debug\link.2496-cvtres.write.1.tlog
C:\Users\Micha\Documents\Search-Engine\Library\Debug\link.2828.read.1.tlog
C:\Users\Micha\Documents\Search-Engine\Library\Debug\link.2828.write.1.tlog
C:\Users\Micha\Documents\Search-Engine\Library\Debug\link.2828-cvtres.read.1.tlog
C:\Users\Micha\Documents\Search-Engine\Library\Debug\link.2828-cvtres.write.1.tlog
C:\Users\Micha\Documents\Search-Engine\Library\Debug\link.3004.read.1.tlog
C:\Users\Micha\Documents\Search-Engine\Library\Debug\link.3004.write.1.tlog
C:\Users\Micha\Documents\Search-Engine\Library\Debug\link.3004-cvtres.read.1.tlog
C:\Users\Micha\Documents\Search-Engine\Library\Debug\link.3004-cvtres.write.1.tlog
C:\Users\Micha\Documents\Search-Engine\Library\Debug\link.3120.read.1.tlog
C:\Users\Micha\Documents\Search-Engine\Library\Debug\link.3120.write.1.tlog
C:\Users\Micha\Documents\Search-Engine\Library\Debug\link.3120-cvtres.read.1.tlog
C:\Users\Micha\Documents\Search-Engine\Library\Debug\link.3120-cvtres.write.1.tlog
C:\Users\Micha\Documents\Search-Engine\Library\Debug\link.3268.read.1.tlog
C:\Users\Micha\Documents\Search-Engine\Library\Debug\link.3268.write.1.tlog
C:\Users\Micha\Documents\Search-Engine\Library\Debug\link.3268-cvtres.read.1.tlog
C:\Users\Micha\Documents\Search-Engine\Library\Debug\link.3268-cvtres.write.1.tlog
C:\Users\Micha\Documents\Search-Engine\Library\Debug\link.3356.read.1.tlog
C:\Users\Micha\Documents\Search-Engine\Library\Debug\link.3356.write.1.tlog
C:\Users\Micha\Documents\Search-Engine\Library\Debug\link.3356-cvtres.read.1.tlog
C:\Users\Micha\Documents\Search-Engine\Library\Debug\link.3356-cvtres.write.1.tlog
C:\Users\Micha\Documents\Search-Engine\Library\Debug\link.3576.read.1.tlog
C:\Users\Micha\Documents\Search-Engine\Library\Debug\link.3576.write.1.tlog
C:\Users\Micha\Documents\Search-Engine\Library\Debug\link.3576-cvtres.read.1.tlog
C:\Users\Micha\Documents\Search-Engine\Library\Debug\link.3576-cvtres.write.1.tlog
C:\Users\Micha\Documents\Search-Engine\Library\Debug\link.4188.read.1.tlog
C:\Users\Micha\Documents\Search-Engine\Library\Debug\link.4188.write.1.tlog
C:\Users\Micha\Documents\Search-Engine\Library\Debug\link.4188-cvtres.read.1.tlog
C:\Users\Micha\Documents\Search-Engine\Library\Debug\link.4188-cvtres.write.1.tlog
C:\Users\Micha\Documents\Search-Engine\Library\Debug\link.4216.read.1.tlog
C:\Users\Micha\Documents\Search-Engine\Library\Debug\link.4216.write.1.tlog
C:\Users\Micha\Documents\Search-Engine\Library\Debug\link.4216-cvtres.read.1.tlog
C:\Users\Micha\Documents\Search-Engine\Library\Debug\link.4216-cvtres.write.1.tlog
C:\Users\Micha\Documents\Search-Engine\Library\Debug\link.4304.read.1.tlog
C:\Users\Micha\Documents\Search-Engine\Library\Debug\link.4304.write.1.tlog
C:\Users\Micha\Documents\Search-Engine\Library\Debug\link.4304-cvtres.read.1.tlog
C:\Users\Micha\Documents\Search-Engine\Library\Debug\link.4304-cvtres.write.1.tlog
C:\Users\Micha\Documents\Search-Engine\Library\Debug\link.4316.read.1.tlog
C:\Users\Micha\Documents\Search-Engine\Library\Debug\link.4316.write.1.tlog
C:\Users\Micha\Documents\Search-Engine\Library\Debug\link.4316-cvtres.read.1.tlog
C:\Users\Micha\Documents\Search-Engine\Library\Debug\link.4316-cvtres.write.1.tlog
C:\Users\Micha\Documents\Search-Engine\Library\Debug\link.4384.read.1.tlog
C:\Users\Micha\Documents\Search-Engine\Library\Debug\link.4384.write.1.tlog
C:\Users\Micha\Documents\Search-Engine\Library\Debug\link.4384-cvtres.read.1.tlog
C:\Users\Micha\Documents\Search-Engine\Library\Debug\link.4384-cvtres.write.1.tlog
C:\Users\Micha\Documents\Search-Engine\Library\Debug\link.4764.read.1.tlog
C:\Users\Micha\Documents\Search-Engine\Library\Debug\link.4764.write.1.tlog
C:\Users\Micha\Documents\Search-Engine\Library\Debug\link.4764-cvtres.read.1.tlog
C:\Users\Micha\Documents\Search-Engine\Library\Debug\link.4764-cvtres.write.1.tlog
C:\Users\Micha\Documents\Search-Engine\Library\Debug\link.4944.read.1.tlog
C:\Users\Micha\Documents\Search-Engine\Library\Debug\link.4944.write.1.tlog
C:\Users\Micha\Documents\Search-Engine\Library\Debug\link.4944-cvtres.read.1.tlog
C:\Users\Micha\Documents\Search-Engine\Library\Debug\link.4944-cvtres.write.1.tlog
C:\Users\Micha\Documents\Search-Engine\Library\Debug\link.command.1.tlog
C:\Users\Micha\Documents\Search-Engine\Library\Debug\link.read.1.tlog
C:\Users\Micha\Documents\Search-Engine\Library\Debug\link.write.1.tlog
C:\Users\Micha\Documents\Search-Engine\Library\Debug\link-cvtres.read.1.tlog
C:\Users\Micha\Documents\Search-Engine\Library\Debug\link-cvtres.write.1.tlog
C:\USERS\MICHA\DOCUMENTS\SEARCH-ENGINE\LIBRARY\DEBUG\MAIN.OBJ
C:\Users\Micha\Documents\Search-Engine\Library\Debug\mt.command.1.tlog
C:\Users\Micha\Documents\Search-Engine\Library\Debug\mt.read.1.tlog
C:\Users\Micha\Documents\Search-Engine\Library\Debug\mt.write.1.tlog
C:\Users\Micha\Documents\Search-Engine\Library\Debug\rc.command.1.tlog
C:\Users\Micha\Documents\Search-Engine\Library\Debug\rc.read.1.tlog
C:\Users\Micha\Documents\Search-Engine\Library\Debug\rc.write.1.tlog
C:\USERS\MICHA\DOCUMENTS\SEARCH-ENGINE\LIBRARY\DEBUG\STDAFX.OBJ
C:\USERS\MICHA\DOCUMENTS\SEARCH-ENGINE\LIBRARY\DEBUG\TRIEBUFFER.OBJ
C:\USERS\MICHA\DOCUMENTS\SEARCH-ENGINE\LIBRARY\DEBUG\TRIEDOC.OBJ
C:\USERS\MICHA\DOCUMENTS\SEARCH-ENGINE\LIBRARY\DEBUG\TRIENODE.OBJ
C:\USERS\MICHA\DOCUMENTS\SEARCH-ENGINE\LIBRARY\DEBUG\TRIESITE.OBJ
C:\Users\Micha\Documents\Search-Engine\Library\Debug\vc100.idb
C:\USERS\MICHA\DOCUMENTS\SEARCH-ENGINE\LIBRARY\DEBUG\VC100.PDB
