Build started 7/19/2012 9:43:35 PM.
     1>Project "C:\Users\Micha\Desktop\Work Backup\Search-Engine\Library\Library_32.vcxproj" on node 2 (build target(s)).
     1>InitializeBuildStatus:
         Touching "Debug\Library.unsuccessfulbuild".
       ClCompile:
         C:\Program Files (x86)\Microsoft Visual Studio 10.0\VC\bin\CL.exe /c /Zi /nologo /W3 /WX- /Od /Oy- /D WIN32 /D _DEBUG /D _CONSOLE /D _UNICODE /D UNICODE /Gm /EHsc /RTC1 /MDd /GS /fp:precise /Zc:wchar_t /Zc:forScope /Fo"Debug\\" /Fd"Debug\vc100.pdb" /Gd /TP /analyze- /errorReport:prompt triedoc.cpp
         triedoc.cpp
     1>c:\users\micha\desktop\work backup\search-engine\library\fileutils.h(77): warning C4996: 'strerror': This function or variable may be unsafe. Consider using strerror_s instead. To disable deprecation, use _CRT_SECURE_NO_WARNINGS. See online help for details.
                 C:\Program Files (x86)\Microsoft Visual Studio 10.0\VC\include\string.h(157) : see declaration of 'strerror'
     1>c:\users\micha\desktop\work backup\search-engine\library\fileutils.h(78): warning C4996: 'strerror': This function or variable may be unsafe. Consider using strerror_s instead. To disable deprecation, use _CRT_SECURE_NO_WARNINGS. See online help for details.
                 C:\Program Files (x86)\Microsoft Visual Studio 10.0\VC\include\string.h(157) : see declaration of 'strerror'
     1>triedoc.cpp(120): warning C4996: 'strerror': This function or variable may be unsafe. Consider using strerror_s instead. To disable deprecation, use _CRT_SECURE_NO_WARNINGS. See online help for details.
                 C:\Program Files (x86)\Microsoft Visual Studio 10.0\VC\include\string.h(157) : see declaration of 'strerror'
     1>c:\users\micha\desktop\work backup\search-engine\library\searchutils.h(63): warning C4700: uninitialized local variable 'nextNode' used
     1>c:\users\micha\desktop\work backup\search-engine\library\searchutils.h(63): warning C4700: uninitialized local variable 'nextNode' used
       ManifestResourceCompile:
         All outputs are up-to-date.
       Link:
         C:\Program Files (x86)\Microsoft Visual Studio 10.0\VC\bin\link.exe /ERRORREPORT:PROMPT /OUT:"C:\Users\Micha\Desktop\Work Backup\Search-Engine\Debug\Library.exe" /INCREMENTAL /NOLOGO kernel32.lib user32.lib gdi32.lib winspool.lib comdlg32.lib advapi32.lib shell32.lib ole32.lib oleaut32.lib uuid.lib odbc32.lib odbccp32.lib /MANIFEST /ManifestFile:"Debug\Library.exe.intermediate.manifest" /MANIFESTUAC:"level='asInvoker' uiAccess='false'" /DEBUG /PDB:"C:\Users\Micha\Desktop\Work Backup\Search-Engine\Debug\Library.pdb" /SUBSYSTEM:CONSOLE /TLBID:1 /DYNAMICBASE /NXCOMPAT /IMPLIB:"C:\Users\Micha\Desktop\Work Backup\Search-Engine\Debug\Library.lib" /MACHINE:X86 Debug\Library.exe.embed.manifest.res
         Debug\main.obj
         Debug\stdafx.obj
         Debug\triebuffer.obj
         Debug\triedoc.obj
         Debug\trienode.obj
         Debug\triesite.obj
       Manifest:
         C:\Program Files (x86)\Microsoft SDKs\Windows\v7.0A\bin\mt.exe /nologo /verbose /out:"Debug\Library.exe.embed.manifest" /manifest Debug\Library.exe.intermediate.manifest
         All outputs are up-to-date.
       LinkEmbedManifest:
         All outputs are up-to-date.
         Library_32.vcxproj -> C:\Users\Micha\Desktop\Work Backup\Search-Engine\Debug\Library.exe
       FinalizeBuildStatus:
         Deleting file "Debug\Library.unsuccessfulbuild".
         Touching "Debug\Library.lastbuildstate".
     1>Done Building Project "C:\Users\Micha\Desktop\Work Backup\Search-Engine\Library\Library_32.vcxproj" (build target(s)).

Build succeeded.

Time Elapsed 00:00:03.18
