C:\USERS\MICHA\DOCUMENTS\SEARCH-ENGINE\DEBUG\LIBRARY_32.EXE
C:\USERS\MICHA\DOCUMENTS\SEARCH-ENGINE\DEBUG\LIBRARY_32.ILK
C:\USERS\MICHA\DOCUMENTS\SEARCH-ENGINE\DEBUG\LIBRARY_32.PDB
C:\Users\Micha\Documents\Search-Engine\Library_32\Debug\cl.command.1.tlog
C:\Users\Micha\Documents\Search-Engine\Library_32\Debug\CL.read.1.tlog
C:\Users\Micha\Documents\Search-Engine\Library_32\Debug\CL.write.1.tlog
C:\USERS\MICHA\DOCUMENTS\SEARCH-ENGINE\LIBRARY_32\DEBUG\LIBRARY_32.EXE.EMBED.MANIFEST
C:\USERS\MICHA\DOCUMENTS\SEARCH-ENGINE\LIBRARY_32\DEBUG\LIBRARY_32.EXE.EMBED.MANIFEST.RES
C:\USERS\MICHA\DOCUMENTS\SEARCH-ENGINE\LIBRARY_32\DEBUG\LIBRARY_32.EXE.INTERMEDIATE.MANIFEST
C:\USERS\MICHA\DOCUMENTS\SEARCH-ENGINE\LIBRARY_32\DEBUG\LIBRARY_32.OBJ
C:\Users\Micha\Documents\Search-Engine\Library_32\Debug\Library_32.vcxprojResolveAssemblyReference.cache
C:\Users\Micha\Documents\Search-Engine\Library_32\Debug\Library_32.write.1.tlog
C:\Users\Micha\Documents\Search-Engine\Library_32\Debug\Library_32_manifest.rc
C:\Users\Micha\Documents\Search-Engine\Library_32\Debug\link.3104.read.1.tlog
C:\Users\Micha\Documents\Search-Engine\Library_32\Debug\link.3104.write.1.tlog
C:\Users\Micha\Documents\Search-Engine\Library_32\Debug\link.3104-cvtres.read.1.tlog
C:\Users\Micha\Documents\Search-Engine\Library_32\Debug\link.3104-cvtres.write.1.tlog
C:\Users\Micha\Documents\Search-Engine\Library_32\Debug\link.5148.read.1.tlog
C:\Users\Micha\Documents\Search-Engine\Library_32\Debug\link.5148.write.1.tlog
C:\Users\Micha\Documents\Search-Engine\Library_32\Debug\link.5148-cvtres.read.1.tlog
C:\Users\Micha\Documents\Search-Engine\Library_32\Debug\link.5148-cvtres.write.1.tlog
C:\Users\Micha\Documents\Search-Engine\Library_32\Debug\link.6360.read.1.tlog
C:\Users\Micha\Documents\Search-Engine\Library_32\Debug\link.6360.write.1.tlog
C:\Users\Micha\Documents\Search-Engine\Library_32\Debug\link.6360-cvtres.read.1.tlog
C:\Users\Micha\Documents\Search-Engine\Library_32\Debug\link.6360-cvtres.write.1.tlog
C:\Users\Micha\Documents\Search-Engine\Library_32\Debug\link.6920.read.1.tlog
C:\Users\Micha\Documents\Search-Engine\Library_32\Debug\link.6920.write.1.tlog
C:\Users\Micha\Documents\Search-Engine\Library_32\Debug\link.6920-cvtres.read.1.tlog
C:\Users\Micha\Documents\Search-Engine\Library_32\Debug\link.6920-cvtres.write.1.tlog
C:\Users\Micha\Documents\Search-Engine\Library_32\Debug\link.7708.read.1.tlog
C:\Users\Micha\Documents\Search-Engine\Library_32\Debug\link.7708.write.1.tlog
C:\Users\Micha\Documents\Search-Engine\Library_32\Debug\link.7708-cvtres.read.1.tlog
C:\Users\Micha\Documents\Search-Engine\Library_32\Debug\link.7708-cvtres.write.1.tlog
C:\Users\Micha\Documents\Search-Engine\Library_32\Debug\link.command.1.tlog
C:\Users\Micha\Documents\Search-Engine\Library_32\Debug\link.read.1.tlog
C:\Users\Micha\Documents\Search-Engine\Library_32\Debug\link.write.1.tlog
C:\Users\Micha\Documents\Search-Engine\Library_32\Debug\link-cvtres.read.1.tlog
C:\Users\Micha\Documents\Search-Engine\Library_32\Debug\link-cvtres.write.1.tlog
C:\USERS\MICHA\DOCUMENTS\SEARCH-ENGINE\LIBRARY_32\DEBUG\MAIN.OBJ
C:\Users\Micha\Documents\Search-Engine\Library_32\Debug\mt.command.1.tlog
C:\Users\Micha\Documents\Search-Engine\Library_32\Debug\mt.read.1.tlog
C:\Users\Micha\Documents\Search-Engine\Library_32\Debug\mt.write.1.tlog
C:\Users\Micha\Documents\Search-Engine\Library_32\Debug\rc.command.1.tlog
C:\Users\Micha\Documents\Search-Engine\Library_32\Debug\rc.read.1.tlog
C:\Users\Micha\Documents\Search-Engine\Library_32\Debug\rc.write.1.tlog
C:\USERS\MICHA\DOCUMENTS\SEARCH-ENGINE\LIBRARY_32\DEBUG\STDAFX.OBJ
C:\USERS\MICHA\DOCUMENTS\SEARCH-ENGINE\LIBRARY_32\DEBUG\TRIEBUFFER.OBJ
C:\USERS\MICHA\DOCUMENTS\SEARCH-ENGINE\LIBRARY_32\DEBUG\TRIEDOC.OBJ
C:\USERS\MICHA\DOCUMENTS\SEARCH-ENGINE\LIBRARY_32\DEBUG\TRIENODE.OBJ
C:\USERS\MICHA\DOCUMENTS\SEARCH-ENGINE\LIBRARY_32\DEBUG\TRIESITE.OBJ
C:\Users\Micha\Documents\Search-Engine\Library_32\Debug\vc100.idb
C:\USERS\MICHA\DOCUMENTS\SEARCH-ENGINE\LIBRARY_32\DEBUG\VC100.PDB
