Build started 28/02/2011 18:33:49.
     1>Project "H:\FMSLab2011\strconvert\strconvert\strconvert.vcxproj" on node 2 (build target(s)).
     1>InitializeBuildStatus:
         Creating "Debug\strconvert.unsuccessfulbuild" because "AlwaysCreate" was specified.
       ClCompile:
         C:\Program Files\Microsoft Visual Studio 10.0\VC\bin\CL.exe /c /ZI /nologo /W3 /WX- /Od /Oy- /D WIN32 /D _DEBUG /D _CONSOLE /D _UNICODE /D UNICODE /Gm /EHsc /RTC1 /MDd /GS /fp:precise /Zc:wchar_t /Zc:forScope /Fo"Debug\\" /Fd"Debug\vc100.pdb" /Gd /TP /analyze- /errorReport:prompt stdafx.cpp strconvert.cpp
         strconvert.cpp
     1>h:\fmslab2011\strconvert\strconvert\strconvert.cpp(31): warning C4996: 'strcpy': This function or variable may be unsafe. Consider using strcpy_s instead. To disable deprecation, use _CRT_SECURE_NO_WARNINGS. See online help for details.
                 c:\program files\microsoft visual studio 10.0\vc\include\string.h(105) : see declaration of 'strcpy'
         stdafx.cpp
         Generating Code...
       ManifestResourceCompile:
         C:\Program Files\Microsoft SDKs\Windows\v7.0A\bin\rc.exe /nologo /fo"Debug\strconvert.exe.embed.manifest.res" Debug\strconvert_manifest.rc 
       Link:
         C:\Program Files\Microsoft Visual Studio 10.0\VC\bin\link.exe /ERRORREPORT:PROMPT /OUT:"H:\FMSLab2011\strconvert\Debug\strconvert.exe" /INCREMENTAL /NOLOGO kernel32.lib user32.lib gdi32.lib winspool.lib comdlg32.lib advapi32.lib shell32.lib ole32.lib oleaut32.lib uuid.lib odbc32.lib odbccp32.lib /MANIFEST /ManifestFile:"Debug\strconvert.exe.intermediate.manifest" /MANIFESTUAC:"level='asInvoker' uiAccess='false'" /DEBUG /PDB:"H:\FMSLab2011\strconvert\Debug\strconvert.pdb" /SUBSYSTEM:CONSOLE /TLBID:1 /DYNAMICBASE /NXCOMPAT /IMPLIB:"H:\FMSLab2011\strconvert\Debug\strconvert.lib" /MACHINE:X86 Debug\strconvert.exe.embed.manifest.res
         Debug\stdafx.obj
         Debug\strconvert.obj
       Manifest:
         C:\Program Files\Microsoft SDKs\Windows\v7.0A\bin\mt.exe /nologo /verbose /out:"Debug\strconvert.exe.embed.manifest" /manifest Debug\strconvert.exe.intermediate.manifest
         All outputs are up-to-date.
       LinkEmbedManifest:
         All outputs are up-to-date.
         strconvert.vcxproj -> H:\FMSLab2011\strconvert\Debug\strconvert.exe
       FinalizeBuildStatus:
         Deleting file "Debug\strconvert.unsuccessfulbuild".
         Touching "Debug\strconvert.lastbuildstate".
     1>Done Building Project "H:\FMSLab2011\strconvert\strconvert\strconvert.vcxproj" (build target(s)).

Build succeeded.

Time Elapsed 00:00:12.62
