Build started 3/29/2012 7:28:47 PM.
     1>Project "C:\Users\Micha\Documents\Search-Engine\Library\Library.vcxproj" on node 2 (build target(s)).
     1>InitializeBuildStatus:
         Creating "x64\Debug\Library.unsuccessfulbuild" because "AlwaysCreate" was specified.
       GenerateTargetFrameworkMonikerAttribute:
       Skipping target "GenerateTargetFrameworkMonikerAttribute" because all output files are up-to-date with respect to the input files.
       ClCompile:
         C:\Program Files (x86)\Microsoft Visual Studio 10.0\VC\bin\x86_amd64\CL.exe /c /AI"C:\Program Files (x86)\Reference Assemblies\Microsoft\Framework\.NETFramework\v4.0" /Zi /clr /nologo /W3 /WX- /Od /D WIN32 /D _DEBUG /D _WINDLL /D _UNICODE /D UNICODE /EHa /MDd /GS /fp:precise /Zc:wchar_t /Zc:forScope /Fo"x64\Debug\\" /Fd"x64\Debug\vc100.pdb" /TP /FU"C:\Program Files (x86)\Reference Assemblies\Microsoft\Framework\.NETFramework\v4.0\System.Core.dll" /FU"C:\Program Files (x86)\Reference Assemblies\Microsoft\Framework\.NETFramework\v4.0\System.Data.dll" /FU"C:\Program Files (x86)\Reference Assemblies\Microsoft\Framework\.NETFramework\v4.0\System.dll" /FU"C:\Program Files (x86)\Reference Assemblies\Microsoft\Framework\.NETFramework\v4.0\System.Xml.dll" /errorReport:prompt triebuffer.cpp triedoc.cpp trienode.cpp triesite.cpp /clr:nostdlib 
         triebuffer.cpp
         triedoc.cpp
         trienode.cpp
         triesite.cpp
         Generating Code...
         All outputs are up-to-date.
       ResourceCompile:
         All outputs are up-to-date.
       Link:
         C:\Program Files (x86)\Microsoft Visual Studio 10.0\VC\bin\x86_amd64\link.exe /ERRORREPORT:PROMPT /OUT:"C:\Users\Micha\Documents\Search-Engine\x64\Debug\Library.dll" /INCREMENTAL /NOLOGO /MANIFEST /ManifestFile:"x64\Debug\Library.dll.intermediate.manifest" /MANIFESTUAC:"level='asInvoker' uiAccess='false'" /DEBUG /PDB:"C:\Users\Micha\Documents\Search-Engine\x64\Debug\Library.pdb" /ASSEMBLYDEBUG /TLBID:1 /DYNAMICBASE /FIXED:NO /NXCOMPAT /MACHINE:X64 /DLL x64\Debug\app.res
         x64\Debug\AssemblyInfo.obj
         x64\Debug\Library.obj
         x64\Debug\triebuffer.obj
         x64\Debug\triedoc.obj
         x64\Debug\trienode.obj
         x64\Debug\triesite.obj
         "x64\Debug\.NETFramework,Version=v4.0.AssemblyAttributes.obj"
         Library.vcxproj -> C:\Users\Micha\Documents\Search-Engine\x64\Debug\Library.dll
       Manifest:
         C:\Program Files (x86)\Microsoft SDKs\Windows\v7.0A\bin\mt.exe /nologo /verbose /outputresource:"C:\Users\Micha\Documents\Search-Engine\x64\Debug\Library.dll;#2" /manifest x64\Debug\Library.dll.intermediate.manifest
       FinalizeBuildStatus:
         Deleting file "x64\Debug\Library.unsuccessfulbuild".
         Touching "x64\Debug\Library.lastbuildstate".
     1>Done Building Project "C:\Users\Micha\Documents\Search-Engine\Library\Library.vcxproj" (build target(s)).

Build succeeded.

Time Elapsed 00:00:04.59
